				   **source_files/errorFile.asm**  
Line #       Address      Label        Opcode       Operand      Machine Code 
======       =======      =====        ======       =======      ============ 
1            00000                                                            
2            00000        prog         start        0                         
3            00000        bsrch        EQU          6000                      
4            00000        OFFB         EQU          8                         
5            00000                     BASE         delta                     
6            00000                     ldb          #delta       6923D9       
7            00003                     lds          #3           6D0003       
8            00006                     +ldx         @foo         06100FA0     
9            0000A                     +lda         beta,x       03900184     
10           0000E                     add          gamma        1B229F       
11           00011                     ldx          @zeta        0623CB       
12           00014        first        NORM                      C8           
13           00015                     SVC          13           B0D0         
14           00017                     HIO                       F4           
15           00018                     ldt          #alpha       75203D       
16           0001B                     +ldt         #foo         75100FA0     
17           0001F                     lda          @alpha       022036       
18           00022                     lda          @foo         024BC4       
19           00025                     addr         S,T          9045         
20           00027                     shiftr       T,2          A851         
21           00029                     shiftl       S,1          A440         
22           0002B                     tixr         T            B850         
23           0002D                     j            first        3F2FE4       
24           00030                     +j           first        3F100014     
25           00034                     clear        T            B450         
26           00036                     +ldt         #50000       7510C350     
27           0003A                     ldx          #0           050000       
28           0003D                     +jsub        bsrch        4B101770     
29           00041        addl         lda          alpha,x      03A014       
30           00044                     add          beta,x       1BA13D       
31           00047                     sta          gamma,x      0FA266       
32           0004A                     addr         s,t          9045         
33           0004C                     compr        x,t          A015         
34           0004E                     +jlt         addl         3B100041     
35           00052                     jlt          addl         3B2FEC       
36           00055                     rsub                      4F0000       
37           00058                                                            
38           00058        alpha        resw         100                       
39           00184        beta         RESW         100                       
40           002B0        gamma        resw         100                       
41           003DC        delta        WORD         20           000014       
42           003DF        zeta         BYTE         C'EOF'       454F46       
43           003E2        eta          byte         X'FFFFFE'    FFFFFE       
44           003E5        theta        byte         c'eof'       656F66       
45           003E8        buffer       RESB         3000                      
46           00FA0        foo          word         100          000064       
47           00FA3                     end          prog                      
48           00FA3                                                            
