				   **source_files/givenFile.asm**  
Line #       Address      Label        Opcode       Operand      Machine Code 
======       =======      =====        ======       =======      ============ 
1            00000                                                            
2            00000                                                            
3            00000        prog         start        0                         
4            00000        bsrch        EQU          6000                      
5            00000        OFFB         EQU          8                         
6            00000                     BASE         delta                     
7            00000                     LDB          #delta       6923D9       
8            00003                     lds          3            6F0003       
9            00006                     +ldx         @foo         06100FA0     
10           0000A                     +lda         beta,x       03900184     
11           0000E                     add          gamma        1B229F       
12           00011                     ldx          @zeta        0623CB       
13           00014        first        NORM                      C8           
14           00015                     SVC          13           B0D0         
15           00017                     HIO                       F4           
16           00018                     ldt          #alpha       75203D       
17           0001B                     +ldt         #foo         75100FA0     
18           0001F                     lda          @alpha       022036       
19           00022                     lda          foo          034BC4       
20           00025                     addr         S,T          9045         
21           00027                     shiftr       T,1          A850         
22           00029                     shiftl       S,7          A446         
23           0002B                     tixr         T            B850         
24           0002D                     j            first        3F2FE4       
25           00030                     +j           first        3F100014     
26           00034                     clear        T            B450         
27           00036                     +ldt         #50000       7510C350     
28           0003A                     ldx          #0           050000       
29           0003D                     +jsub        bsrch        4B101770     
30           00041        addl         lda          alpha,x      03A014       
31           00044                     add          beta,x       1BA13D       
32           00047                     sta          gamma,x      0FA266       
33           0004A                     addr         s,t          9045         
34           0004C                     compr        x,t          A015         
35           0004E                     +jlt         addl         3B100041     
36           00052                     jlt          addl         3B2FEC       
37           00055                     rsub                      4F0000       
38           00058                                                            
39           00058        alpha        resw         100                       
40           00184        beta         RESW         100                       
41           002B0        gamma        RESW         100                       
42           003DC        delta        WORD         20           000014       
43           003DF        zeta         BYTE         C'EOF'       454F46       
44           003E2        eta          byte         X'FFFFFE'    FFFFFE       
45           003E5        theta        BYTE         c'eof'       656F66       
46           003E8        buffer       RESB         3000                      
47           00FA0        foo          word         1            000001       
48           00FA3                     end          prog                      
49           00FA3                                                            
