			 **source_files/source1.asm**
Line #       Address      Label        Opcode       Operand      Machine Code 
======       =======      =====        ======       =======      ============ 
1            00000                                                            
2            00000                                                            
3            00000                                                            
4            00000        prog         start        $1000                     
5            01000                     base         alpha                     
6            01000                     lds          #3           6D0003       
7            01003                     ldt          #300         75012C       
8            01006                     +ldx         #034343      05108627     
9            0100A        addlf        +lds         alpha        6F10101E     
10           0100E                     add          beta         1B2013       
11           01011                     sta          gamma        0F20F9       
12           01014                     addr         s,x          9041         
13           01016                     compr        t            A000         
14           01018                     jlt          addlf        3B2FEF       
15           0101B        zeta         EQU          addlf                     
16           0101B                                                            
17           0101B                                                            
18           0101B                                                            
19           0101B                                                            
20           0101B        golf         byte         C'EOF'                    
21           0101E        alpha        resw         2                         
22           01024        beta         resw         10                        
23           01042        char         word         20           000014       
24           01045        delta        resb         200                       
25           0110D        gamma        resb         10                        
26           01117                     end          prog                      
27           01117                                                            
