			 **source_files/thirdFile.asm**
Line #       Address      Label        Opcode       Operand      Machine Code 
======       =======      =====        ======       =======      ============ 
1            00000                                                            
2            00000        prog         start        0                         
3            00000        bsrch        EQU          6000                      
4            00000        OFFB         EQU          8                         
5            00000                     BASE         delta                     
6            00000                     LDB          #delta       6923DE       
7            00003                     lds          #3           6D0003       
8            00006                     +ldx         @foo         06100FB2     
9            0000A                     +lda         beta,x       03900189     
10           0000E                     add          gamma        1B22A4       
11           00011                     ldx          @zeta        0623D0       
12           00014        first        NORM                      C8           
13           00015                     SVC          13           B0D0         
14           00017                     HIO                       F4           
15           00018                     ldt          #alpha       752042       
16           0001B                     +ldt         #foo         75100FB2     
17           0001F                     lda          @alpha       02203B       
18           00022                     lda          @foo         024BD1       
19           00025                     addr         S,T          9045         
20           00027                     shiftr       T,2          A851         
21           00029                     shiftl       S,1          A440         
22           0002B                     tixr         T            B850         
23           0002D                     j            first        3F2FE4       
24           00030                     +j           first        3F100014     
25           00034                     Clear        T            B450         
26           00036                     +ldt         #50000       7510C350     
27           0003A                     ldx          #0           050000       
28           0003D                     jsub         first        4B2FD4       
29           00040        addl         lda          alpha,x      03A01A       
30           00043                     add          beta,x       1BA143       
31           00046                     sta          gamma,x      0FA26C       
32           00049                     addr         s,t          9045         
33           0004B                     compr        x,t          A015         
34           0004D                     +jlt         addl         3B100040     
35           00051                     jlt          addl         3B2FEC       
36           00054                     rsub                      4F0000       
37           00057                                                            
38           00057                                                            
39           00057        test         byte         C'12345'     3132333435   
40           0005C        test2        byte         x'7b'        7B           
41           0005D        alpha        resw         100                       
42           00189        beta         RESW         100                       
43           002B5        gamma        resw         100                       
44           003E1        delta        WORD         20           000014       
45           003E4        zeta         BYTE         C'EOF'       454F46       
46           003E7        eta          byte         X'FFFFFE'    FFFFFE       
47           003EA        theta        byte         c'Goodbye World!!!'476F6F6462796520576F726C64212121
48           003FA        buffer       RESB         3000                      
49           00FB2        foo          word         1            000001       
50           00FB5                     end          prog                      
51           00FB5                                                            
